<?xml version="1.0" encoding="UTF-8" ?>
<testsuite errors="0" skipped="0" tests="1" time="0.03" failures="0" name="stest.RunnerTest">
  <properties>
    <property value="Apple Inc." name="java.vendor"/>
    <property value="/Users/michaelneale/.m2/repository" name="localRepository"/>
    <property value="SUN_STANDARD" name="sun.java.launcher"/>
    <property value="HotSpot Client Compiler" name="sun.management.compiler"/>
    <property value="0;15" name="env.COLORFGBG"/>
    <property value="Mac OS X" name="os.name"/>
    <property value="/System/Library/Frameworks/JavaVM.framework/Versions/1.5.0/Classes/classes.jar:/System/Library/Frameworks/JavaVM.framework/Versions/1.5.0/Classes/ui.jar:/System/Library/Frameworks/JavaVM.framework/Versions/1.5.0/Classes/laf.jar:/System/Library/Frameworks/JavaVM.framework/Versions/1.5.0/Classes/sunrsasign.jar:/System/Library/Frameworks/JavaVM.framework/Versions/1.5.0/Classes/jsse.jar:/System/Library/Frameworks/JavaVM.framework/Versions/1.5.0/Classes/jce.jar:/System/Library/Frameworks/JavaVM.framework/Versions/1.5.0/Classes/charsets.jar" name="sun.boot.class.path"/>
    <property value="/var/folders/Sy/SyL3N7oiGoCA5A8SqImSp++++TI/-Tmp-/" name="env.TMPDIR"/>
    <property value="/Users/michaelneale/project/drools-spreadsheet-tester" name="env.PWD"/>
    <property value="en_AU.US-ASCII" name="env.LANG"/>
    <property value="Sun Microsystems Inc." name="java.vm.specification.vendor"/>
    <property value="1.5.0_16-b06-284" name="java.runtime.version"/>
    <property value="/tmp/launch-JLcKQ0/Render" name="env.Apple_PubSub_Socket_Render"/>
    <property value="/tmp/launch-gmaR25/:0" name="env.DISPLAY"/>
    <property value="michaelneale" name="user.name"/>
    <property value="michaelneale" name="env.USER"/>
    <property value="/bin/bash" name="env.SHELL"/>
    <property value="0x1F5:0:0" name="env.__CF_USER_TEXT_ENCODING"/>
    <property value="true" name="awt.nativeDoubleBuffering"/>
    <property value="/Library/Frameworks/Python.framework/Versions/Current/bin:/usr/local/bin:/opt/local/etc/apache-ant-1.7.0/bin:/opt/local/etc/maven-2.0.9/maven-2.0.9/bin:/usr/local/bin:/opt/local/bin:/opt/local/sbin:/bin:/sbin:/usr/bin:/usr/sbin" name="env.PATH"/>
    <property value="en" name="user.language"/>
    <property value="en_AU.US-ASCII" name="env.LC_MONETARY"/>
    <property value="/System/Library/Frameworks/JavaVM.framework/Versions/1.5.0/Libraries" name="sun.boot.library.path"/>
    <property value="/opt/local/etc/maven-2.0.9/maven-2.0.9/bin/m2.conf" name="classworlds.conf"/>
    <property value="en_AU.US-ASCII" name="env.LC_CTYPE"/>
    <property value="1.5.0_16" name="java.version"/>
    <property value="Australia/Sydney" name="user.timezone"/>
    <property value="32" name="sun.arch.data.model"/>
    <property value="/System/Library/Frameworks/JavaVM.framework/Versions/1.5.0/Home/lib/endorsed" name="java.endorsed.dirs"/>
    <property value="" name="sun.cpu.isalist"/>
    <property value="MacRoman" name="sun.jnu.encoding"/>
    <property value="sun.io" name="file.encoding.pkg"/>
    <property value="1" name="env.SHLVL"/>
    <property value="/" name="file.separator"/>
    <property value="Java Platform API Specification" name="java.specification.name"/>
    <property value="49.0" name="java.class.version"/>
    <property value="US" name="user.country"/>
    <property value="/System/Library/Frameworks/JavaVM.framework/Versions/1.5.0/Home" name="java.home"/>
    <property value="mixed mode, sharing" name="java.vm.info"/>
    <property value="michaelneale" name="env.LOGNAME"/>
    <property value="10.5.6" name="os.version"/>
    <property value=":" name="path.separator"/>
    <property value="1.5.0_16-133" name="java.vm.version"/>
    <property value="apple.awt.CPrinterJob" name="java.awt.printerjob"/>
    <property value="xterm-color" name="env.TERM"/>
    <property value="UnicodeLittle" name="sun.io.unicode.encoding"/>
    <property value="apple.awt.CToolkit" name="awt.toolkit"/>
    <property value="org.codehaus.classworlds.Launcher" name="env.JAVA_MAIN_CLASS_25014"/>
    <property value="/Users/michaelneale" name="user.home"/>
    <property value="/Users/michaelneale/project/drools-spreadsheet-tester" name="env.OLDPWD"/>
    <property value="Sun Microsystems Inc." name="java.specification.vendor"/>
    <property value="iTerm.app" name="env.TERM_PROGRAM"/>
    <property value=".:/Library/Java/Extensions:/System/Library/Java/Extensions:/usr/lib/java" name="java.library.path"/>
    <property value="http://www.apple.com/" name="java.vendor.url"/>
    <property value="en_AU.US-ASCII" name="env.LC_MESSAGES"/>
    <property value="Apple Inc." name="java.vm.vendor"/>
    <property value="false" name="gopherProxySet"/>
    <property value="/opt/local/etc/maven-2.0.9/maven-2.0.9" name="maven.home"/>
    <property value="Java(TM) 2 Runtime Environment, Standard Edition" name="java.runtime.name"/>
    <property value="/opt/local/etc/maven-2.0.9/maven-2.0.9/boot/classworlds-1.1.jar" name="java.class.path"/>
    <property value="Java Virtual Machine Specification" name="java.vm.specification.name"/>
    <property value="1.0" name="java.vm.specification.version"/>
    <property value="little" name="sun.cpu.endian"/>
    <property value="unknown" name="sun.os.patch.level"/>
    <property value="/Users/michaelneale" name="env.HOME"/>
    <property value="/Users/michaelneale/project/drools-spreadsheet-tester/target/test-classes:/Users/michaelneale/project/drools-spreadsheet-tester/target/classes:/Users/michaelneale/.m2/repository/org/scala-lang/scala-library/2.7.2/scala-library-2.7.2.jar:/Users/michaelneale/.m2/repository/jexcelapi/jxl/2.4.2/jxl-2.4.2.jar:/Users/michaelneale/.m2/repository/org/drools/drools-compiler/5.0.0.SNAPSHOT/drools-compiler-5.0.0.SNAPSHOT.jar:/Users/michaelneale/.m2/repository/org/drools/drools-core/5.0.0.SNAPSHOT/drools-core-5.0.0.SNAPSHOT.jar:/Users/michaelneale/.m2/repository/org/mvel/mvel2/2.0.5/mvel2-2.0.5.jar:/Users/michaelneale/.m2/repository/org/drools/drools-api/5.0.0.SNAPSHOT/drools-api-5.0.0.SNAPSHOT.jar:/Users/michaelneale/.m2/repository/joda-time/joda-time/1.5.2/joda-time-1.5.2.jar:/Users/michaelneale/.m2/repository/org/antlr/antlr-runtime/3.1.1/antlr-runtime-3.1.1.jar:/Users/michaelneale/.m2/repository/org/eclipse/jdt/core/3.4.2.v_883_R34x/core-3.4.2.v_883_R34x.jar:/Users/michaelneale/.m2/repository/janino/janino/2.5.15/janino-2.5.15.jar:/Users/michaelneale/.m2/repository/junit/junit/3.8.1/junit-3.8.1.jar:" name="surefire.test.class.path"/>
    <property value="/tmp" name="java.io.tmpdir"/>
    <property value="http://bugreport.apple.com/" name="java.vendor.url.bug"/>
    <property value="/tmp/launch-L3CtJF/Listeners" name="env.SSH_AUTH_SOCK"/>
    <property value="legacy" name="env.COMMAND_MODE"/>
    <property value="apple.awt.CGraphicsEnvironment" name="java.awt.graphicsenv"/>
    <property value="i386" name="os.arch"/>
    <property value="/Library/Java/Extensions:/System/Library/Java/Extensions:/System/Library/Frameworks/JavaVM.framework/Versions/1.5.0/Home/lib/ext" name="java.ext.dirs"/>
    <property value="/Users/michaelneale/project/drools-spreadsheet-tester" name="user.dir"/>
    <property value="1050.1.5.0_16-284" name="mrj.version"/>
    <property value="
" name="line.separator"/>
    <property value="Java HotSpot(TM) Client VM" name="java.vm.name"/>
    <property value="en_AU.US-ASCII" name="env.LC_NUMERIC"/>
    <property value="/Users/michaelneale/project/drools-spreadsheet-tester" name="basedir"/>
    <property value="en_AU.US-ASCII" name="env.LC_TIME"/>
    <property value="MacRoman" name="file.encoding"/>
    <property value="en_AU.US-ASCII" name="env.LC_COLLATE"/>
    <property value="1.5" name="java.specification.version"/>
  </properties>
  <testcase classname="stest.RunnerTest" time="0.004" name="testSomething"/>
</testsuite>